#
# There is insufficient memory for the Java Runtime Environment to continue.
# Native memory allocation (malloc) failed to allocate 1337536 bytes for Chunk::new
# Possible reasons:
#   The system is out of physical RAM or swap space
#   The process is running with CompressedOops enabled, and the Java Heap may be blocking the growth of the native heap
# Possible solutions:
#   Reduce memory load on the system
#   Increase physical memory or swap space
#   Check if swap backing store is full
#   Decrease Java heap size (-Xmx/-Xms)
#   Decrease number of Java threads
#   Decrease Java thread stack sizes (-Xss)
#   Set larger code cache with -XX:ReservedCodeCacheSize=
#   JVM is running with Zero Based Compressed Oops mode in which the Java heap is
#     placed in the first 32GB address space. The Java Heap base address is the
#     maximum limit for the native heap growth. Please use -XX:HeapBaseMinAddress
#     to set the Java Heap base and to place the Java Heap above 32GB virtual address.
# This output file may be truncated or incomplete.
#
#  Out of Memory Error (./src/hotspot/share/memory/arena.cpp:197), pid=54232, tid=31112
#
# JRE version: OpenJDK Runtime Environment Temurin-11.0.14.1+1 (11.0.14.1+1) (build 11.0.14.1+1)
# Java VM: OpenJDK 64-Bit Server VM Temurin-11.0.14.1+1 (11.0.14.1+1, mixed mode, tiered, compressed oops, g1 gc, windows-amd64)
# No core dump will be written. Minidumps are not enabled by default on client versions of Windows
#

---------------  S U M M A R Y ------------

Command Line: -Dfile.encoding=UTF-8 -Dcom.android.sdklib.toolsdir=D:\Unity\2022.3.20f1c1\Editor\Data\PlaybackEngines\AndroidPlayer\SDK\cmdline-tools\6.0\bin\\.. com.android.sdklib.tool.sdkmanager.SdkManagerCli --list

Host: AMD Ryzen 7 5800H with Radeon Graphics         , 16 cores, 15G,  Windows 11 , 64 bit Build 22000 (10.0.22000.2538)
Time: Tue May 28 01:51:22 2024 中国标准时间 elapsed time: 3.650430 seconds (0d 0h 0m 3s)

---------------  T H R E A D  ---------------

Current thread (0x0000025b19fff800):  JavaThread "C2 CompilerThread2" daemon [_thread_in_native, id=31112, stack(0x000000ee32700000,0x000000ee32800000)]


Current CompileTask:
C2:   3650 2859       4       sun.security.util.AbstractAlgorithmConstraints::checkAlgorithm (87 bytes)

Stack: [0x000000ee32700000,0x000000ee32800000]
Native frames: (J=compiled Java code, j=interpreted, Vv=VM code, C=native code)
V  [jvm.dll+0x61e59a]
V  [jvm.dll+0x7aaca9]
V  [jvm.dll+0x7ac398]
V  [jvm.dll+0x7aca73]
V  [jvm.dll+0x24f9b8]
V  [jvm.dll+0xc260c]
V  [jvm.dll+0xc2bcc]
V  [jvm.dll+0x2c1884]
V  [jvm.dll+0x52d899]
V  [jvm.dll+0x210fcd]
V  [jvm.dll+0x20ac34]
V  [jvm.dll+0x207ccb]
V  [jvm.dll+0x18a2c1]
V  [jvm.dll+0x217734]
V  [jvm.dll+0x21597b]
V  [jvm.dll+0x76d7c0]
V  [jvm.dll+0x766724]
V  [jvm.dll+0x61d3f6]
C  [ucrtbase.dll+0x26c0c]
C  [KERNEL32.DLL+0x153e0]
C  [ntdll.dll+0x485b]


---------------  P R O C E S S  ---------------

Threads class SMR info:
_java_thread_list=0x0000025b1a09b7f0, length=36, elements={
0x0000025b73a2e800, 0x0000025b7f31a800, 0x0000025b7f31c000, 0x0000025b7fc27800,
0x0000025b7fc29000, 0x0000025b7fc2c000, 0x0000025b7fc32000, 0x0000025b7fc3b000,
0x0000025b7fc4a800, 0x0000025b7fdaa000, 0x0000025b7fddd000, 0x0000025b190f9800,
0x0000025b190fa800, 0x0000025b193a4800, 0x0000025b19fff800, 0x0000025b1a012800,
0x0000025b1a01d800, 0x0000025b1a09e000, 0x0000025b1a0c9000, 0x0000025b1a0ca000,
0x0000025b1a0ca800, 0x0000025b1a0cb800, 0x0000025b1a0ce800, 0x0000025b1a122000,
0x0000025b1a076800, 0x0000025b1a07a000, 0x0000025b1a078800, 0x0000025b1a07b800,
0x0000025b1a07c800, 0x0000025b1a07d800, 0x0000025b1a079000, 0x0000025b1a07b000,
0x0000025b1a311800, 0x0000025b1a30d800, 0x0000025b1a1c0000, 0x0000025b1a38d800
}

Java Threads: ( => current thread )
  0x0000025b73a2e800 JavaThread "main" [_thread_in_Java, id=54872, stack(0x000000ee30b00000,0x000000ee30c00000)]
  0x0000025b7f31a800 JavaThread "Reference Handler" daemon [_thread_blocked, id=17456, stack(0x000000ee31200000,0x000000ee31300000)]
  0x0000025b7f31c000 JavaThread "Finalizer" daemon [_thread_blocked, id=40108, stack(0x000000ee31300000,0x000000ee31400000)]
  0x0000025b7fc27800 JavaThread "Signal Dispatcher" daemon [_thread_blocked, id=41792, stack(0x000000ee31400000,0x000000ee31500000)]
  0x0000025b7fc29000 JavaThread "Attach Listener" daemon [_thread_blocked, id=54280, stack(0x000000ee31500000,0x000000ee31600000)]
  0x0000025b7fc2c000 JavaThread "Service Thread" daemon [_thread_blocked, id=10260, stack(0x000000ee31600000,0x000000ee31700000)]
  0x0000025b7fc32000 JavaThread "C2 CompilerThread0" daemon [_thread_in_native, id=18668, stack(0x000000ee31700000,0x000000ee31800000)]
  0x0000025b7fc3b000 JavaThread "C1 CompilerThread0" daemon [_thread_blocked, id=43300, stack(0x000000ee31800000,0x000000ee31900000)]
  0x0000025b7fc4a800 JavaThread "Sweeper thread" daemon [_thread_blocked, id=50152, stack(0x000000ee31900000,0x000000ee31a00000)]
  0x0000025b7fdaa000 JavaThread "C1 CompilerThread1" daemon [_thread_blocked, id=26452, stack(0x000000ee31a00000,0x000000ee31b00000)]
  0x0000025b7fddd000 JavaThread "Common-Cleaner" daemon [_thread_blocked, id=32384, stack(0x000000ee31c00000,0x000000ee31d00000)]
  0x0000025b190f9800 JavaThread "C1 CompilerThread2" daemon [_thread_blocked, id=40796, stack(0x000000ee31d00000,0x000000ee31e00000)]
  0x0000025b190fa800 JavaThread "C1 CompilerThread3" daemon [_thread_blocked, id=48488, stack(0x000000ee31e00000,0x000000ee31f00000)]
  0x0000025b193a4800 JavaThread "C2 CompilerThread1" daemon [_thread_in_native, id=30940, stack(0x000000ee31f00000,0x000000ee32000000)]
=>0x0000025b19fff800 JavaThread "C2 CompilerThread2" daemon [_thread_in_native, id=31112, stack(0x000000ee32700000,0x000000ee32800000)]
  0x0000025b1a012800 JavaThread "C2 CompilerThread3" daemon [_thread_in_native, id=52404, stack(0x000000ee32800000,0x000000ee32900000)]
  0x0000025b1a01d800 JavaThread "Keep-Alive-Timer" daemon [_thread_blocked, id=18864, stack(0x000000ee32900000,0x000000ee32a00000)]
  0x0000025b1a09e000 JavaThread "pool-1-thread-1" [_thread_in_native, id=51108, stack(0x000000ee32a00000,0x000000ee32b00000)]
  0x0000025b1a0c9000 JavaThread "pool-1-thread-2" [_thread_in_native, id=52332, stack(0x000000ee32b00000,0x000000ee32c00000)]
  0x0000025b1a0ca000 JavaThread "pool-1-thread-3" [_thread_in_native, id=52312, stack(0x000000ee32c00000,0x000000ee32d00000)]
  0x0000025b1a0ca800 JavaThread "pool-1-thread-4" [_thread_in_native, id=54160, stack(0x000000ee32d00000,0x000000ee32e00000)]
  0x0000025b1a0cb800 JavaThread "pool-1-thread-5" [_thread_in_native, id=34860, stack(0x000000ee32e00000,0x000000ee32f00000)]
  0x0000025b1a0ce800 JavaThread "pool-1-thread-6" [_thread_in_native, id=23448, stack(0x000000ee32f00000,0x000000ee33000000)]
  0x0000025b1a122000 JavaThread "pool-1-thread-7" [_thread_in_native, id=55600, stack(0x000000ee33000000,0x000000ee33100000)]
  0x0000025b1a076800 JavaThread "pool-1-thread-10" [_thread_in_native, id=46212, stack(0x000000ee33300000,0x000000ee33400000)]
  0x0000025b1a07a000 JavaThread "pool-1-thread-11" [_thread_in_native, id=53092, stack(0x000000ee33400000,0x000000ee33500000)]
  0x0000025b1a078800 JavaThread "pool-1-thread-12" [_thread_in_native, id=52988, stack(0x000000ee33500000,0x000000ee33600000)]
  0x0000025b1a07b800 JavaThread "pool-1-thread-13" [_thread_in_native, id=51368, stack(0x000000ee33600000,0x000000ee33700000)]
  0x0000025b1a07c800 JavaThread "pool-1-thread-14" [_thread_in_native, id=27980, stack(0x000000ee33700000,0x000000ee33800000)]
  0x0000025b1a07d800 JavaThread "pool-1-thread-15" [_thread_in_native, id=51224, stack(0x000000ee33800000,0x000000ee33900000)]
  0x0000025b1a079000 JavaThread "pool-1-thread-16" [_thread_in_native, id=52408, stack(0x000000ee33900000,0x000000ee33a00000)]
  0x0000025b1a07b000 JavaThread "pool-1-thread-18" [_thread_in_native, id=24624, stack(0x000000ee33b00000,0x000000ee33c00000)]
  0x0000025b1a311800 JavaThread "pool-1-thread-19" [_thread_in_native, id=37824, stack(0x000000ee33c00000,0x000000ee33d00000)]
  0x0000025b1a30d800 JavaThread "pool-1-thread-20" [_thread_in_native, id=46340, stack(0x000000ee33d00000,0x000000ee33e00000)]
  0x0000025b1a1c0000 JavaThread "C2 CompilerThread4" daemon [_thread_in_native, id=52240, stack(0x000000ee33e00000,0x000000ee33f00000)]
  0x0000025b1a38d800 JavaThread "C2 CompilerThread5" daemon [_thread_in_native, id=40088, stack(0x000000ee33f00000,0x000000ee34000000)]

Other Threads:
  0x0000025b7f307800 VMThread "VM Thread" [stack: 0x000000ee31100000,0x000000ee31200000] [id=15900]
  0x0000025b7fdd9000 WatcherThread [stack: 0x000000ee31b00000,0x000000ee31c00000] [id=51984]
  0x0000025b73a45000 GCTaskThread "GC Thread#0" [stack: 0x000000ee30c00000,0x000000ee30d00000] [id=21480]
  0x0000025b19b7a800 GCTaskThread "GC Thread#1" [stack: 0x000000ee32100000,0x000000ee32200000] [id=1372]
  0x0000025b1963f000 GCTaskThread "GC Thread#2" [stack: 0x000000ee32200000,0x000000ee32300000] [id=54112]
  0x0000025b190a1000 GCTaskThread "GC Thread#3" [stack: 0x000000ee32300000,0x000000ee32400000] [id=52420]
  0x0000025b190a1800 GCTaskThread "GC Thread#4" [stack: 0x000000ee32400000,0x000000ee32500000] [id=52640]
  0x0000025b19654000 GCTaskThread "GC Thread#5" [stack: 0x000000ee32500000,0x000000ee32600000] [id=24788]
  0x0000025b73aa6000 ConcurrentGCThread "G1 Main Marker" [stack: 0x000000ee30d00000,0x000000ee30e00000] [id=31564]
  0x0000025b73aa8800 ConcurrentGCThread "G1 Conc#0" [stack: 0x000000ee30e00000,0x000000ee30f00000] [id=45736]
  0x0000025b19f8d000 ConcurrentGCThread "G1 Conc#1" [stack: 0x000000ee32000000,0x000000ee32100000] [id=4508]
  0x0000025b193df800 ConcurrentGCThread "G1 Conc#2" [stack: 0x000000ee32600000,0x000000ee32700000] [id=30152]
  0x0000025b7f1f2800 ConcurrentGCThread "G1 Refine#0" [stack: 0x000000ee30f00000,0x000000ee31000000] [id=14244]
  0x0000025b7f1f3800 ConcurrentGCThread "G1 Young RemSet Sampling" [stack: 0x000000ee31000000,0x000000ee31100000] [id=52176]

Threads with active compile tasks:
C2 CompilerThread0   3692 3180       4       java.util.regex.Matcher::appendReplacement (75 bytes)
C2 CompilerThread1   3692 3167       4       java.lang.StringUTF16::putCharsSB (44 bytes)
C2 CompilerThread2   3692 2859       4       sun.security.util.AbstractAlgorithmConstraints::checkAlgorithm (87 bytes)
C2 CompilerThread3   3692 2894   !   4       sun.security.ssl.SSLAlgorithmDecomposer::decompose (67 bytes)
C2 CompilerThread4   3692 2893       4       sun.security.util.AlgorithmDecomposer::decomposeImpl (128 bytes)
C2 CompilerThread5   3692 2906       4       sun.security.util.AlgorithmDecomposer::decompose (336 bytes)

VM state:not at safepoint (normal execution)

VM Mutex/Monitor currently owned by a thread: None

Heap address: 0x0000000702400000, size: 4060 MB, Compressed Oops mode: Zero based, Oop shift amount: 3
Narrow klass base: 0x0000000800000000, Narrow klass shift: 0
Compressed class space size: 1073741824 Address: 0x0000000800000000

Heap:
 garbage-first heap   total 260096K, used 51635K [0x0000000702400000, 0x0000000800000000)
  region size 1024K, 53 young (54272K), 7 survivors (7168K)
 Metaspace       used 25134K, capacity 25495K, committed 25648K, reserved 1073152K
  class space    used 2526K, capacity 2670K, committed 2688K, reserved 1048576K
Heap Regions: E=young(eden), S=young(survivor), O=old, HS=humongous(starts), HC=humongous(continues), CS=collection set, F=free, A=archive, TAMS=top-at-mark-start (previous, next)
|   0|0x0000000702400000, 0x0000000702400000, 0x0000000702500000|  0%| F|  |TAMS 0x0000000702400000, 0x0000000702400000| Untracked 
|   1|0x0000000702500000, 0x0000000702552c00, 0x0000000702600000| 32%| O|  |TAMS 0x0000000702552c00, 0x0000000702500000| Untracked 
|   2|0x0000000702600000, 0x0000000702600000, 0x0000000702700000|  0%| F|  |TAMS 0x0000000702600000, 0x0000000702600000| Untracked 
|   3|0x0000000702700000, 0x0000000702700000, 0x0000000702800000|  0%| F|  |TAMS 0x0000000702700000, 0x0000000702700000| Untracked 
|   4|0x0000000702800000, 0x0000000702800000, 0x0000000702900000|  0%| F|  |TAMS 0x0000000702800000, 0x0000000702800000| Untracked 
|   5|0x0000000702900000, 0x0000000702900000, 0x0000000702a00000|  0%| F|  |TAMS 0x0000000702900000, 0x0000000702900000| Untracked 
|   6|0x0000000702a00000, 0x0000000702a00000, 0x0000000702b00000|  0%| F|  |TAMS 0x0000000702a00000, 0x0000000702a00000| Untracked 
|   7|0x0000000702b00000, 0x0000000702b00000, 0x0000000702c00000|  0%| F|  |TAMS 0x0000000702b00000, 0x0000000702b00000| Untracked 
|   8|0x0000000702c00000, 0x0000000702c00000, 0x0000000702d00000|  0%| F|  |TAMS 0x0000000702c00000, 0x0000000702c00000| Untracked 
|   9|0x0000000702d00000, 0x0000000702d00000, 0x0000000702e00000|  0%| F|  |TAMS 0x0000000702d00000, 0x0000000702d00000| Untracked 
|  10|0x0000000702e00000, 0x0000000702e00000, 0x0000000702f00000|  0%| F|  |TAMS 0x0000000702e00000, 0x0000000702e00000| Untracked 
|  11|0x0000000702f00000, 0x0000000702f00000, 0x0000000703000000|  0%| F|  |TAMS 0x0000000702f00000, 0x0000000702f00000| Untracked 
|  12|0x0000000703000000, 0x0000000703000000, 0x0000000703100000|  0%| F|  |TAMS 0x0000000703000000, 0x0000000703000000| Untracked 
|  13|0x0000000703100000, 0x0000000703100000, 0x0000000703200000|  0%| F|  |TAMS 0x0000000703100000, 0x0000000703100000| Untracked 
|  14|0x0000000703200000, 0x0000000703200000, 0x0000000703300000|  0%| F|  |TAMS 0x0000000703200000, 0x0000000703200000| Untracked 
|  15|0x0000000703300000, 0x0000000703300000, 0x0000000703400000|  0%| F|  |TAMS 0x0000000703300000, 0x0000000703300000| Untracked 
|  16|0x0000000703400000, 0x0000000703400000, 0x0000000703500000|  0%| F|  |TAMS 0x0000000703400000, 0x0000000703400000| Untracked 
|  17|0x0000000703500000, 0x0000000703500000, 0x0000000703600000|  0%| F|  |TAMS 0x0000000703500000, 0x0000000703500000| Untracked 
|  18|0x0000000703600000, 0x0000000703600000, 0x0000000703700000|  0%| F|  |TAMS 0x0000000703600000, 0x0000000703600000| Untracked 
|  19|0x0000000703700000, 0x0000000703700000, 0x0000000703800000|  0%| F|  |TAMS 0x0000000703700000, 0x0000000703700000| Untracked 
|  20|0x0000000703800000, 0x0000000703800000, 0x0000000703900000|  0%| F|  |TAMS 0x0000000703800000, 0x0000000703800000| Untracked 
|  21|0x0000000703900000, 0x0000000703900000, 0x0000000703a00000|  0%| F|  |TAMS 0x0000000703900000, 0x0000000703900000| Untracked 
|  22|0x0000000703a00000, 0x0000000703a00000, 0x0000000703b00000|  0%| F|  |TAMS 0x0000000703a00000, 0x0000000703a00000| Untracked 
|  23|0x0000000703b00000, 0x0000000703b00000, 0x0000000703c00000|  0%| F|  |TAMS 0x0000000703b00000, 0x0000000703b00000| Untracked 
|  24|0x0000000703c00000, 0x0000000703c00000, 0x0000000703d00000|  0%| F|  |TAMS 0x0000000703c00000, 0x0000000703c00000| Untracked 
|  25|0x0000000703d00000, 0x0000000703d00000, 0x0000000703e00000|  0%| F|  |TAMS 0x0000000703d00000, 0x0000000703d00000| Untracked 
|  26|0x0000000703e00000, 0x0000000703e00000, 0x0000000703f00000|  0%| F|  |TAMS 0x0000000703e00000, 0x0000000703e00000| Untracked 
|  27|0x0000000703f00000, 0x0000000703f00000, 0x0000000704000000|  0%| F|  |TAMS 0x0000000703f00000, 0x0000000703f00000| Untracked 
|  28|0x0000000704000000, 0x0000000704000000, 0x0000000704100000|  0%| F|  |TAMS 0x0000000704000000, 0x0000000704000000| Untracked 
|  29|0x0000000704100000, 0x0000000704100000, 0x0000000704200000|  0%| F|  |TAMS 0x0000000704100000, 0x0000000704100000| Untracked 
|  30|0x0000000704200000, 0x0000000704200000, 0x0000000704300000|  0%| F|  |TAMS 0x0000000704200000, 0x0000000704200000| Untracked 
|  31|0x0000000704300000, 0x0000000704300000, 0x0000000704400000|  0%| F|  |TAMS 0x0000000704300000, 0x0000000704300000| Untracked 
|  32|0x0000000704400000, 0x0000000704400000, 0x0000000704500000|  0%| F|  |TAMS 0x0000000704400000, 0x0000000704400000| Untracked 
|  33|0x0000000704500000, 0x0000000704500000, 0x0000000704600000|  0%| F|  |TAMS 0x0000000704500000, 0x0000000704500000| Untracked 
|  34|0x0000000704600000, 0x0000000704600000, 0x0000000704700000|  0%| F|  |TAMS 0x0000000704600000, 0x0000000704600000| Untracked 
|  35|0x0000000704700000, 0x0000000704700000, 0x0000000704800000|  0%| F|  |TAMS 0x0000000704700000, 0x0000000704700000| Untracked 
|  36|0x0000000704800000, 0x0000000704800000, 0x0000000704900000|  0%| F|  |TAMS 0x0000000704800000, 0x0000000704800000| Untracked 
|  37|0x0000000704900000, 0x0000000704900000, 0x0000000704a00000|  0%| F|  |TAMS 0x0000000704900000, 0x0000000704900000| Untracked 
|  38|0x0000000704a00000, 0x0000000704a00000, 0x0000000704b00000|  0%| F|  |TAMS 0x0000000704a00000, 0x0000000704a00000| Untracked 
|  39|0x0000000704b00000, 0x0000000704b00000, 0x0000000704c00000|  0%| F|  |TAMS 0x0000000704b00000, 0x0000000704b00000| Untracked 
|  40|0x0000000704c00000, 0x0000000704c00000, 0x0000000704d00000|  0%| F|  |TAMS 0x0000000704c00000, 0x0000000704c00000| Untracked 
|  41|0x0000000704d00000, 0x0000000704d00000, 0x0000000704e00000|  0%| F|  |TAMS 0x0000000704d00000, 0x0000000704d00000| Untracked 
|  42|0x0000000704e00000, 0x0000000704e00000, 0x0000000704f00000|  0%| F|  |TAMS 0x0000000704e00000, 0x0000000704e00000| Untracked 
|  43|0x0000000704f00000, 0x0000000704f00000, 0x0000000705000000|  0%| F|  |TAMS 0x0000000704f00000, 0x0000000704f00000| Untracked 
|  44|0x0000000705000000, 0x0000000705000000, 0x0000000705100000|  0%| F|  |TAMS 0x0000000705000000, 0x0000000705000000| Untracked 
|  45|0x0000000705100000, 0x0000000705100000, 0x0000000705200000|  0%| F|  |TAMS 0x0000000705100000, 0x0000000705100000| Untracked 
|  46|0x0000000705200000, 0x0000000705200000, 0x0000000705300000|  0%| F|  |TAMS 0x0000000705200000, 0x0000000705200000| Untracked 
|  47|0x0000000705300000, 0x0000000705300000, 0x0000000705400000|  0%| F|  |TAMS 0x0000000705300000, 0x0000000705300000| Untracked 
|  48|0x0000000705400000, 0x0000000705400000, 0x0000000705500000|  0%| F|  |TAMS 0x0000000705400000, 0x0000000705400000| Untracked 
|  49|0x0000000705500000, 0x0000000705500000, 0x0000000705600000|  0%| F|  |TAMS 0x0000000705500000, 0x0000000705500000| Untracked 
|  50|0x0000000705600000, 0x0000000705600000, 0x0000000705700000|  0%| F|  |TAMS 0x0000000705600000, 0x0000000705600000| Untracked 
|  51|0x0000000705700000, 0x0000000705700000, 0x0000000705800000|  0%| F|  |TAMS 0x0000000705700000, 0x0000000705700000| Untracked 
|  52|0x0000000705800000, 0x0000000705800000, 0x0000000705900000|  0%| F|  |TAMS 0x0000000705800000, 0x0000000705800000| Untracked 
|  53|0x0000000705900000, 0x0000000705900000, 0x0000000705a00000|  0%| F|  |TAMS 0x0000000705900000, 0x0000000705900000| Untracked 
|  54|0x0000000705a00000, 0x0000000705a00000, 0x0000000705b00000|  0%| F|  |TAMS 0x0000000705a00000, 0x0000000705a00000| Untracked 
|  55|0x0000000705b00000, 0x0000000705b00000, 0x0000000705c00000|  0%| F|  |TAMS 0x0000000705b00000, 0x0000000705b00000| Untracked 
|  56|0x0000000705c00000, 0x0000000705c00000, 0x0000000705d00000|  0%| F|  |TAMS 0x0000000705c00000, 0x0000000705c00000| Untracked 
|  57|0x0000000705d00000, 0x0000000705d00000, 0x0000000705e00000|  0%| F|  |TAMS 0x0000000705d00000, 0x0000000705d00000| Untracked 
|  58|0x0000000705e00000, 0x0000000705e00000, 0x0000000705f00000|  0%| F|  |TAMS 0x0000000705e00000, 0x0000000705e00000| Untracked 
|  59|0x0000000705f00000, 0x0000000705f00000, 0x0000000706000000|  0%| F|  |TAMS 0x0000000705f00000, 0x0000000705f00000| Untracked 
|  60|0x0000000706000000, 0x0000000706000000, 0x0000000706100000|  0%| F|  |TAMS 0x0000000706000000, 0x0000000706000000| Untracked 
|  61|0x0000000706100000, 0x0000000706100000, 0x0000000706200000|  0%| F|  |TAMS 0x0000000706100000, 0x0000000706100000| Untracked 
|  62|0x0000000706200000, 0x0000000706200000, 0x0000000706300000|  0%| F|  |TAMS 0x0000000706200000, 0x0000000706200000| Untracked 
|  63|0x0000000706300000, 0x0000000706300000, 0x0000000706400000|  0%| F|  |TAMS 0x0000000706300000, 0x0000000706300000| Untracked 
|  64|0x0000000706400000, 0x0000000706400000, 0x0000000706500000|  0%| F|  |TAMS 0x0000000706400000, 0x0000000706400000| Untracked 
|  65|0x0000000706500000, 0x0000000706500000, 0x0000000706600000|  0%| F|  |TAMS 0x0000000706500000, 0x0000000706500000| Untracked 
|  66|0x0000000706600000, 0x0000000706600000, 0x0000000706700000|  0%| F|  |TAMS 0x0000000706600000, 0x0000000706600000| Untracked 
|  67|0x0000000706700000, 0x0000000706700000, 0x0000000706800000|  0%| F|  |TAMS 0x0000000706700000, 0x0000000706700000| Untracked 
|  68|0x0000000706800000, 0x0000000706800000, 0x0000000706900000|  0%| F|  |TAMS 0x0000000706800000, 0x0000000706800000| Untracked 
|  69|0x0000000706900000, 0x0000000706900000, 0x0000000706a00000|  0%| F|  |TAMS 0x0000000706900000, 0x0000000706900000| Untracked 
|  70|0x0000000706a00000, 0x0000000706a00000, 0x0000000706b00000|  0%| F|  |TAMS 0x0000000706a00000, 0x0000000706a00000| Untracked 
|  71|0x0000000706b00000, 0x0000000706b00000, 0x0000000706c00000|  0%| F|  |TAMS 0x0000000706b00000, 0x0000000706b00000| Untracked 
|  72|0x0000000706c00000, 0x0000000706c00000, 0x0000000706d00000|  0%| F|  |TAMS 0x0000000706c00000, 0x0000000706c00000| Untracked 
|  73|0x0000000706d00000, 0x0000000706d00000, 0x0000000706e00000|  0%| F|  |TAMS 0x0000000706d00000, 0x0000000706d00000| Untracked 
|  74|0x0000000706e00000, 0x0000000706e00000, 0x0000000706f00000|  0%| F|  |TAMS 0x0000000706e00000, 0x0000000706e00000| Untracked 
|  75|0x0000000706f00000, 0x0000000706f00000, 0x0000000707000000|  0%| F|  |TAMS 0x0000000706f00000, 0x0000000706f00000| Untracked 
|  76|0x0000000707000000, 0x0000000707000000, 0x0000000707100000|  0%| F|  |TAMS 0x0000000707000000, 0x0000000707000000| Untracked 
|  77|0x0000000707100000, 0x0000000707100000, 0x0000000707200000|  0%| F|  |TAMS 0x0000000707100000, 0x0000000707100000| Untracked 
|  78|0x0000000707200000, 0x0000000707200000, 0x0000000707300000|  0%| F|  |TAMS 0x0000000707200000, 0x0000000707200000| Untracked 
|  79|0x0000000707300000, 0x0000000707300000, 0x0000000707400000|  0%| F|  |TAMS 0x0000000707300000, 0x0000000707300000| Untracked 
|  80|0x0000000707400000, 0x0000000707400000, 0x0000000707500000|  0%| F|  |TAMS 0x0000000707400000, 0x0000000707400000| Untracked 
|  81|0x0000000707500000, 0x0000000707500000, 0x0000000707600000|  0%| F|  |TAMS 0x0000000707500000, 0x0000000707500000| Untracked 
|  82|0x0000000707600000, 0x0000000707600000, 0x0000000707700000|  0%| F|  |TAMS 0x0000000707600000, 0x0000000707600000| Untracked 
|  83|0x0000000707700000, 0x0000000707700000, 0x0000000707800000|  0%| F|  |TAMS 0x0000000707700000, 0x0000000707700000| Untracked 
|  84|0x0000000707800000, 0x0000000707800000, 0x0000000707900000|  0%| F|  |TAMS 0x0000000707800000, 0x0000000707800000| Untracked 
|  85|0x0000000707900000, 0x0000000707900000, 0x0000000707a00000|  0%| F|  |TAMS 0x0000000707900000, 0x0000000707900000| Untracked 
|  86|0x0000000707a00000, 0x0000000707a00000, 0x0000000707b00000|  0%| F|  |TAMS 0x0000000707a00000, 0x0000000707a00000| Untracked 
|  87|0x0000000707b00000, 0x0000000707b00000, 0x0000000707c00000|  0%| F|  |TAMS 0x0000000707b00000, 0x0000000707b00000| Untracked 
|  88|0x0000000707c00000, 0x0000000707c00000, 0x0000000707d00000|  0%| F|  |TAMS 0x0000000707c00000, 0x0000000707c00000| Untracked 
|  89|0x0000000707d00000, 0x0000000707d00000, 0x0000000707e00000|  0%| F|  |TAMS 0x0000000707d00000, 0x0000000707d00000| Untracked 
|  90|0x0000000707e00000, 0x0000000707e00000, 0x0000000707f00000|  0%| F|  |TAMS 0x0000000707e00000, 0x0000000707e00000| Untracked 
|  91|0x0000000707f00000, 0x0000000707f00000, 0x0000000708000000|  0%| F|  |TAMS 0x0000000707f00000, 0x0000000707f00000| Untracked 
|  92|0x0000000708000000, 0x0000000708000000, 0x0000000708100000|  0%| F|  |TAMS 0x0000000708000000, 0x0000000708000000| Untracked 
|  93|0x0000000708100000, 0x0000000708100000, 0x0000000708200000|  0%| F|  |TAMS 0x0000000708100000, 0x0000000708100000| Untracked 
|  94|0x0000000708200000, 0x0000000708200000, 0x0000000708300000|  0%| F|  |TAMS 0x0000000708200000, 0x0000000708200000| Untracked 
|  95|0x0000000708300000, 0x0000000708300000, 0x0000000708400000|  0%| F|  |TAMS 0x0000000708300000, 0x0000000708300000| Untracked 
|  96|0x0000000708400000, 0x0000000708400000, 0x0000000708500000|  0%| F|  |TAMS 0x0000000708400000, 0x0000000708400000| Untracked 
|  97|0x0000000708500000, 0x0000000708500000, 0x0000000708600000|  0%| F|  |TAMS 0x0000000708500000, 0x0000000708500000| Untracked 
|  98|0x0000000708600000, 0x0000000708600000, 0x0000000708700000|  0%| F|  |TAMS 0x0000000708600000, 0x0000000708600000| Untracked 
|  99|0x0000000708700000, 0x0000000708700000, 0x0000000708800000|  0%| F|  |TAMS 0x0000000708700000, 0x0000000708700000| Untracked 
| 100|0x0000000708800000, 0x0000000708800000, 0x0000000708900000|  0%| F|  |TAMS 0x0000000708800000, 0x0000000708800000| Untracked 
| 101|0x0000000708900000, 0x0000000708900000, 0x0000000708a00000|  0%| F|  |TAMS 0x0000000708900000, 0x0000000708900000| Untracked 
| 102|0x0000000708a00000, 0x0000000708a00000, 0x0000000708b00000|  0%| F|  |TAMS 0x0000000708a00000, 0x0000000708a00000| Untracked 
| 103|0x0000000708b00000, 0x0000000708b00000, 0x0000000708c00000|  0%| F|  |TAMS 0x0000000708b00000, 0x0000000708b00000| Untracked 
| 104|0x0000000708c00000, 0x0000000708c00000, 0x0000000708d00000|  0%| F|  |TAMS 0x0000000708c00000, 0x0000000708c00000| Untracked 
| 105|0x0000000708d00000, 0x0000000708d00000, 0x0000000708e00000|  0%| F|  |TAMS 0x0000000708d00000, 0x0000000708d00000| Untracked 
| 106|0x0000000708e00000, 0x0000000708e00000, 0x0000000708f00000|  0%| F|  |TAMS 0x0000000708e00000, 0x0000000708e00000| Untracked 
| 107|0x0000000708f00000, 0x0000000708f00000, 0x0000000709000000|  0%| F|  |TAMS 0x0000000708f00000, 0x0000000708f00000| Untracked 
| 108|0x0000000709000000, 0x0000000709000000, 0x0000000709100000|  0%| F|  |TAMS 0x0000000709000000, 0x0000000709000000| Untracked 
| 109|0x0000000709100000, 0x0000000709100000, 0x0000000709200000|  0%| F|  |TAMS 0x0000000709100000, 0x0000000709100000| Untracked 
| 110|0x0000000709200000, 0x0000000709200000, 0x0000000709300000|  0%| F|  |TAMS 0x0000000709200000, 0x0000000709200000| Untracked 
| 111|0x0000000709300000, 0x0000000709300000, 0x0000000709400000|  0%| F|  |TAMS 0x0000000709300000, 0x0000000709300000| Untracked 
| 112|0x0000000709400000, 0x0000000709400000, 0x0000000709500000|  0%| F|  |TAMS 0x0000000709400000, 0x0000000709400000| Untracked 
| 113|0x0000000709500000, 0x0000000709500000, 0x0000000709600000|  0%| F|  |TAMS 0x0000000709500000, 0x0000000709500000| Untracked 
| 114|0x0000000709600000, 0x0000000709600000, 0x0000000709700000|  0%| F|  |TAMS 0x0000000709600000, 0x0000000709600000| Untracked 
| 115|0x0000000709700000, 0x0000000709700000, 0x0000000709800000|  0%| F|  |TAMS 0x0000000709700000, 0x0000000709700000| Untracked 
| 116|0x0000000709800000, 0x0000000709800000, 0x0000000709900000|  0%| F|  |TAMS 0x0000000709800000, 0x0000000709800000| Untracked 
| 117|0x0000000709900000, 0x0000000709900000, 0x0000000709a00000|  0%| F|  |TAMS 0x0000000709900000, 0x0000000709900000| Untracked 
| 118|0x0000000709a00000, 0x0000000709a00000, 0x0000000709b00000|  0%| F|  |TAMS 0x0000000709a00000, 0x0000000709a00000| Untracked 
| 119|0x0000000709b00000, 0x0000000709b00000, 0x0000000709c00000|  0%| F|  |TAMS 0x0000000709b00000, 0x0000000709b00000| Untracked 
| 120|0x0000000709c00000, 0x0000000709c00000, 0x0000000709d00000|  0%| F|  |TAMS 0x0000000709c00000, 0x0000000709c00000| Untracked 
| 121|0x0000000709d00000, 0x0000000709d00000, 0x0000000709e00000|  0%| F|  |TAMS 0x0000000709d00000, 0x0000000709d00000| Untracked 
| 122|0x0000000709e00000, 0x0000000709e00000, 0x0000000709f00000|  0%| F|  |TAMS 0x0000000709e00000, 0x0000000709e00000| Untracked 
| 123|0x0000000709f00000, 0x0000000709f00000, 0x000000070a000000|  0%| F|  |TAMS 0x0000000709f00000, 0x0000000709f00000| Untracked 
| 124|0x000000070a000000, 0x000000070a000000, 0x000000070a100000|  0%| F|  |TAMS 0x000000070a000000, 0x000000070a000000| Untracked 
| 125|0x000000070a100000, 0x000000070a100000, 0x000000070a200000|  0%| F|  |TAMS 0x000000070a100000, 0x000000070a100000| Untracked 
| 126|0x000000070a200000, 0x000000070a200000, 0x000000070a300000|  0%| F|  |TAMS 0x000000070a200000, 0x000000070a200000| Untracked 
| 127|0x000000070a300000, 0x000000070a300000, 0x000000070a400000|  0%| F|  |TAMS 0x000000070a300000, 0x000000070a300000| Untracked 
| 128|0x000000070a400000, 0x000000070a400000, 0x000000070a500000|  0%| F|  |TAMS 0x000000070a400000, 0x000000070a400000| Untracked 
| 129|0x000000070a500000, 0x000000070a500000, 0x000000070a600000|  0%| F|  |TAMS 0x000000070a500000, 0x000000070a500000| Untracked 
| 130|0x000000070a600000, 0x000000070a600000, 0x000000070a700000|  0%| F|  |TAMS 0x000000070a600000, 0x000000070a600000| Untracked 
| 131|0x000000070a700000, 0x000000070a700000, 0x000000070a800000|  0%| F|  |TAMS 0x000000070a700000, 0x000000070a700000| Untracked 
| 132|0x000000070a800000, 0x000000070a800000, 0x000000070a900000|  0%| F|  |TAMS 0x000000070a800000, 0x000000070a800000| Untracked 
| 133|0x000000070a900000, 0x000000070a900000, 0x000000070aa00000|  0%| F|  |TAMS 0x000000070a900000, 0x000000070a900000| Untracked 
| 134|0x000000070aa00000, 0x000000070aa00000, 0x000000070ab00000|  0%| F|  |TAMS 0x000000070aa00000, 0x000000070aa00000| Untracked 
| 135|0x000000070ab00000, 0x000000070ab00000, 0x000000070ac00000|  0%| F|  |TAMS 0x000000070ab00000, 0x000000070ab00000| Untracked 
| 136|0x000000070ac00000, 0x000000070ac00000, 0x000000070ad00000|  0%| F|  |TAMS 0x000000070ac00000, 0x000000070ac00000| Untracked 
| 137|0x000000070ad00000, 0x000000070ad00000, 0x000000070ae00000|  0%| F|  |TAMS 0x000000070ad00000, 0x000000070ad00000| Untracked 
| 138|0x000000070ae00000, 0x000000070ae00000, 0x000000070af00000|  0%| F|  |TAMS 0x000000070ae00000, 0x000000070ae00000| Untracked 
| 139|0x000000070af00000, 0x000000070af00000, 0x000000070b000000|  0%| F|  |TAMS 0x000000070af00000, 0x000000070af00000| Untracked 
| 140|0x000000070b000000, 0x000000070b000000, 0x000000070b100000|  0%| F|  |TAMS 0x000000070b000000, 0x000000070b000000| Untracked 
| 141|0x000000070b100000, 0x000000070b100000, 0x000000070b200000|  0%| F|  |TAMS 0x000000070b100000, 0x000000070b100000| Untracked 
| 142|0x000000070b200000, 0x000000070b200000, 0x000000070b300000|  0%| F|  |TAMS 0x000000070b200000, 0x000000070b200000| Untracked 
| 143|0x000000070b300000, 0x000000070b300000, 0x000000070b400000|  0%| F|  |TAMS 0x000000070b300000, 0x000000070b300000| Untracked 
| 144|0x000000070b400000, 0x000000070b400000, 0x000000070b500000|  0%| F|  |TAMS 0x000000070b400000, 0x000000070b400000| Untracked 
| 145|0x000000070b500000, 0x000000070b500000, 0x000000070b600000|  0%| F|  |TAMS 0x000000070b500000, 0x000000070b500000| Untracked 
| 146|0x000000070b600000, 0x000000070b600000, 0x000000070b700000|  0%| F|  |TAMS 0x000000070b600000, 0x000000070b600000| Untracked 
| 147|0x000000070b700000, 0x000000070b700000, 0x000000070b800000|  0%| F|  |TAMS 0x000000070b700000, 0x000000070b700000| Untracked 
| 148|0x000000070b800000, 0x000000070b800000, 0x000000070b900000|  0%| F|  |TAMS 0x000000070b800000, 0x000000070b800000| Untracked 
| 149|0x000000070b900000, 0x000000070b900000, 0x000000070ba00000|  0%| F|  |TAMS 0x000000070b900000, 0x000000070b900000| Untracked 
| 150|0x000000070ba00000, 0x000000070ba00000, 0x000000070bb00000|  0%| F|  |TAMS 0x000000070ba00000, 0x000000070ba00000| Untracked 
| 151|0x000000070bb00000, 0x000000070bb00000, 0x000000070bc00000|  0%| F|  |TAMS 0x000000070bb00000, 0x000000070bb00000| Untracked 
| 152|0x000000070bc00000, 0x000000070bc00000, 0x000000070bd00000|  0%| F|  |TAMS 0x000000070bc00000, 0x000000070bc00000| Untracked 
| 153|0x000000070bd00000, 0x000000070bd00000, 0x000000070be00000|  0%| F|  |TAMS 0x000000070bd00000, 0x000000070bd00000| Untracked 
| 154|0x000000070be00000, 0x000000070be00000, 0x000000070bf00000|  0%| F|  |TAMS 0x000000070be00000, 0x000000070be00000| Untracked 
| 155|0x000000070bf00000, 0x000000070bf00000, 0x000000070c000000|  0%| F|  |TAMS 0x000000070bf00000, 0x000000070bf00000| Untracked 
| 156|0x000000070c000000, 0x000000070c000000, 0x000000070c100000|  0%| F|  |TAMS 0x000000070c000000, 0x000000070c000000| Untracked 
| 157|0x000000070c100000, 0x000000070c100000, 0x000000070c200000|  0%| F|  |TAMS 0x000000070c100000, 0x000000070c100000| Untracked 
| 158|0x000000070c200000, 0x000000070c200000, 0x000000070c300000|  0%| F|  |TAMS 0x000000070c200000, 0x000000070c200000| Untracked 
| 159|0x000000070c300000, 0x000000070c300000, 0x000000070c400000|  0%| F|  |TAMS 0x000000070c300000, 0x000000070c300000| Untracked 
| 160|0x000000070c400000, 0x000000070c400000, 0x000000070c500000|  0%| F|  |TAMS 0x000000070c400000, 0x000000070c400000| Untracked 
| 161|0x000000070c500000, 0x000000070c500000, 0x000000070c600000|  0%| F|  |TAMS 0x000000070c500000, 0x000000070c500000| Untracked 
| 162|0x000000070c600000, 0x000000070c600000, 0x000000070c700000|  0%| F|  |TAMS 0x000000070c600000, 0x000000070c600000| Untracked 
| 163|0x000000070c700000, 0x000000070c700000, 0x000000070c800000|  0%| F|  |TAMS 0x000000070c700000, 0x000000070c700000| Untracked 
| 164|0x000000070c800000, 0x000000070c800000, 0x000000070c900000|  0%| F|  |TAMS 0x000000070c800000, 0x000000070c800000| Untracked 
| 165|0x000000070c900000, 0x000000070c900000, 0x000000070ca00000|  0%| F|  |TAMS 0x000000070c900000, 0x000000070c900000| Untracked 
| 166|0x000000070ca00000, 0x000000070ca00000, 0x000000070cb00000|  0%| F|  |TAMS 0x000000070ca00000, 0x000000070ca00000| Untracked 
| 167|0x000000070cb00000, 0x000000070cb00000, 0x000000070cc00000|  0%| F|  |TAMS 0x000000070cb00000, 0x000000070cb00000| Untracked 
| 168|0x000000070cc00000, 0x000000070cc00000, 0x000000070cd00000|  0%| F|  |TAMS 0x000000070cc00000, 0x000000070cc00000| Untracked 
| 169|0x000000070cd00000, 0x000000070cd00000, 0x000000070ce00000|  0%| F|  |TAMS 0x000000070cd00000, 0x000000070cd00000| Untracked 
| 170|0x000000070ce00000, 0x000000070ce00000, 0x000000070cf00000|  0%| F|  |TAMS 0x000000070ce00000, 0x000000070ce00000| Untracked 
| 171|0x000000070cf00000, 0x000000070cf00000, 0x000000070d000000|  0%| F|  |TAMS 0x000000070cf00000, 0x000000070cf00000| Untracked 
| 172|0x000000070d000000, 0x000000070d000000, 0x000000070d100000|  0%| F|  |TAMS 0x000000070d000000, 0x000000070d000000| Untracked 
| 173|0x000000070d100000, 0x000000070d100000, 0x000000070d200000|  0%| F|  |TAMS 0x000000070d100000, 0x000000070d100000| Untracked 
| 174|0x000000070d200000, 0x000000070d200000, 0x000000070d300000|  0%| F|  |TAMS 0x000000070d200000, 0x000000070d200000| Untracked 
| 175|0x000000070d300000, 0x000000070d300000, 0x000000070d400000|  0%| F|  |TAMS 0x000000070d300000, 0x000000070d300000| Untracked 
| 176|0x000000070d400000, 0x000000070d400000, 0x000000070d500000|  0%| F|  |TAMS 0x000000070d400000, 0x000000070d400000| Untracked 
| 177|0x000000070d500000, 0x000000070d500000, 0x000000070d600000|  0%| F|  |TAMS 0x000000070d500000, 0x000000070d500000| Untracked 
| 178|0x000000070d600000, 0x000000070d600000, 0x000000070d700000|  0%| F|  |TAMS 0x000000070d600000, 0x000000070d600000| Untracked 
| 179|0x000000070d700000, 0x000000070d700000, 0x000000070d800000|  0%| F|  |TAMS 0x000000070d700000, 0x000000070d700000| Untracked 
| 180|0x000000070d800000, 0x000000070d800000, 0x000000070d900000|  0%| F|  |TAMS 0x000000070d800000, 0x000000070d800000| Untracked 
| 181|0x000000070d900000, 0x000000070d900000, 0x000000070da00000|  0%| F|  |TAMS 0x000000070d900000, 0x000000070d900000| Untracked 
| 182|0x000000070da00000, 0x000000070da00000, 0x000000070db00000|  0%| F|  |TAMS 0x000000070da00000, 0x000000070da00000| Untracked 
| 183|0x000000070db00000, 0x000000070db00000, 0x000000070dc00000|  0%| F|  |TAMS 0x000000070db00000, 0x000000070db00000| Untracked 
| 184|0x000000070dc00000, 0x000000070dc00000, 0x000000070dd00000|  0%| F|  |TAMS 0x000000070dc00000, 0x000000070dc00000| Untracked 
| 185|0x000000070dd00000, 0x000000070dd00000, 0x000000070de00000|  0%| F|  |TAMS 0x000000070dd00000, 0x000000070dd00000| Untracked 
| 186|0x000000070de00000, 0x000000070de00000, 0x000000070df00000|  0%| F|  |TAMS 0x000000070de00000, 0x000000070de00000| Untracked 
| 187|0x000000070df00000, 0x000000070df00000, 0x000000070e000000|  0%| F|  |TAMS 0x000000070df00000, 0x000000070df00000| Untracked 
| 188|0x000000070e000000, 0x000000070e000000, 0x000000070e100000|  0%| F|  |TAMS 0x000000070e000000, 0x000000070e000000| Untracked 
| 189|0x000000070e100000, 0x000000070e100000, 0x000000070e200000|  0%| F|  |TAMS 0x000000070e100000, 0x000000070e100000| Untracked 
| 190|0x000000070e200000, 0x000000070e200000, 0x000000070e300000|  0%| F|  |TAMS 0x000000070e200000, 0x000000070e200000| Untracked 
| 191|0x000000070e300000, 0x000000070e300000, 0x000000070e400000|  0%| F|  |TAMS 0x000000070e300000, 0x000000070e300000| Untracked 
| 192|0x000000070e400000, 0x000000070e400000, 0x000000070e500000|  0%| F|  |TAMS 0x000000070e400000, 0x000000070e400000| Untracked 
| 193|0x000000070e500000, 0x000000070e53eae0, 0x000000070e600000| 30%| S|  |TAMS 0x000000070e500000, 0x000000070e500000| Complete 
| 194|0x000000070e600000, 0x000000070e700000, 0x000000070e700000|100%| S|  |TAMS 0x000000070e600000, 0x000000070e600000| Complete 
| 195|0x000000070e700000, 0x000000070e800000, 0x000000070e800000|100%| S|  |TAMS 0x000000070e700000, 0x000000070e700000| Complete 
| 196|0x000000070e800000, 0x000000070e900000, 0x000000070e900000|100%| S|  |TAMS 0x000000070e800000, 0x000000070e800000| Complete 
| 197|0x000000070e900000, 0x000000070e9d88d0, 0x000000070ea00000| 84%| E|CS|TAMS 0x000000070e900000, 0x000000070e900000| Complete 
| 198|0x000000070ea00000, 0x000000070eb00000, 0x000000070eb00000|100%| E|CS|TAMS 0x000000070ea00000, 0x000000070ea00000| Complete 
| 199|0x000000070eb00000, 0x000000070ec00000, 0x000000070ec00000|100%| E|CS|TAMS 0x000000070eb00000, 0x000000070eb00000| Complete 
| 200|0x000000070ec00000, 0x000000070ed00000, 0x000000070ed00000|100%| E|CS|TAMS 0x000000070ec00000, 0x000000070ec00000| Complete 
| 201|0x000000070ed00000, 0x000000070ee00000, 0x000000070ee00000|100%| E|CS|TAMS 0x000000070ed00000, 0x000000070ed00000| Complete 
| 202|0x000000070ee00000, 0x000000070ef00000, 0x000000070ef00000|100%| E|CS|TAMS 0x000000070ee00000, 0x000000070ee00000| Complete 
| 203|0x000000070ef00000, 0x000000070f000000, 0x000000070f000000|100%| E|CS|TAMS 0x000000070ef00000, 0x000000070ef00000| Complete 
| 204|0x000000070f000000, 0x000000070f100000, 0x000000070f100000|100%| E|CS|TAMS 0x000000070f000000, 0x000000070f000000| Complete 
| 205|0x000000070f100000, 0x000000070f200000, 0x000000070f200000|100%| E|CS|TAMS 0x000000070f100000, 0x000000070f100000| Complete 
| 206|0x000000070f200000, 0x000000070f300000, 0x000000070f300000|100%| E|CS|TAMS 0x000000070f200000, 0x000000070f200000| Complete 
| 207|0x000000070f300000, 0x000000070f400000, 0x000000070f400000|100%| E|CS|TAMS 0x000000070f300000, 0x000000070f300000| Complete 
| 208|0x000000070f400000, 0x000000070f500000, 0x000000070f500000|100%| E|CS|TAMS 0x000000070f400000, 0x000000070f400000| Complete 
| 209|0x000000070f500000, 0x000000070f600000, 0x000000070f600000|100%| E|CS|TAMS 0x000000070f500000, 0x000000070f500000| Complete 
| 210|0x000000070f600000, 0x000000070f700000, 0x000000070f700000|100%| E|CS|TAMS 0x000000070f600000, 0x000000070f600000| Complete 
| 211|0x000000070f700000, 0x000000070f800000, 0x000000070f800000|100%| E|CS|TAMS 0x000000070f700000, 0x000000070f700000| Complete 
| 212|0x000000070f800000, 0x000000070f900000, 0x000000070f900000|100%| E|CS|TAMS 0x000000070f800000, 0x000000070f800000| Complete 
| 213|0x000000070f900000, 0x000000070fa00000, 0x000000070fa00000|100%| E|CS|TAMS 0x000000070f900000, 0x000000070f900000| Complete 
| 214|0x000000070fa00000, 0x000000070fb00000, 0x000000070fb00000|100%| E|CS|TAMS 0x000000070fa00000, 0x000000070fa00000| Complete 
| 215|0x000000070fb00000, 0x000000070fc00000, 0x000000070fc00000|100%| E|CS|TAMS 0x000000070fb00000, 0x000000070fb00000| Complete 
| 216|0x000000070fc00000, 0x000000070fd00000, 0x000000070fd00000|100%| E|CS|TAMS 0x000000070fc00000, 0x000000070fc00000| Complete 
| 217|0x000000070fd00000, 0x000000070fe00000, 0x000000070fe00000|100%| E|CS|TAMS 0x000000070fd00000, 0x000000070fd00000| Complete 
| 218|0x000000070fe00000, 0x000000070ff00000, 0x000000070ff00000|100%| E|CS|TAMS 0x000000070fe00000, 0x000000070fe00000| Complete 
| 219|0x000000070ff00000, 0x0000000710000000, 0x0000000710000000|100%| E|CS|TAMS 0x000000070ff00000, 0x000000070ff00000| Complete 
| 220|0x0000000710000000, 0x0000000710100000, 0x0000000710100000|100%| E|CS|TAMS 0x0000000710000000, 0x0000000710000000| Complete 
| 221|0x0000000710100000, 0x000000071011a270, 0x0000000710200000| 10%| E|CS|TAMS 0x0000000710100000, 0x0000000710100000| Complete 
| 222|0x0000000710200000, 0x0000000710300000, 0x0000000710300000|100%| E|CS|TAMS 0x0000000710200000, 0x0000000710200000| Complete 
| 223|0x0000000710300000, 0x0000000710400000, 0x0000000710400000|100%| E|CS|TAMS 0x0000000710300000, 0x0000000710300000| Complete 
| 224|0x0000000710400000, 0x0000000710500000, 0x0000000710500000|100%| E|CS|TAMS 0x0000000710400000, 0x0000000710400000| Complete 
| 225|0x0000000710500000, 0x0000000710600000, 0x0000000710600000|100%| E|CS|TAMS 0x0000000710500000, 0x0000000710500000| Complete 
| 226|0x0000000710600000, 0x0000000710700000, 0x0000000710700000|100%| E|CS|TAMS 0x0000000710600000, 0x0000000710600000| Complete 
| 227|0x0000000710700000, 0x0000000710800000, 0x0000000710800000|100%| E|CS|TAMS 0x0000000710700000, 0x0000000710700000| Complete 
| 228|0x0000000710800000, 0x0000000710900000, 0x0000000710900000|100%| E|CS|TAMS 0x0000000710800000, 0x0000000710800000| Complete 
| 229|0x0000000710900000, 0x0000000710a00000, 0x0000000710a00000|100%| E|CS|TAMS 0x0000000710900000, 0x0000000710900000| Complete 
| 230|0x0000000710a00000, 0x0000000710b00000, 0x0000000710b00000|100%| E|CS|TAMS 0x0000000710a00000, 0x0000000710a00000| Complete 
| 231|0x0000000710b00000, 0x0000000710c00000, 0x0000000710c00000|100%| E|CS|TAMS 0x0000000710b00000, 0x0000000710b00000| Complete 
| 232|0x0000000710c00000, 0x0000000710d00000, 0x0000000710d00000|100%| E|CS|TAMS 0x0000000710c00000, 0x0000000710c00000| Complete 
| 233|0x0000000710d00000, 0x0000000710e00000, 0x0000000710e00000|100%| E|CS|TAMS 0x0000000710d00000, 0x0000000710d00000| Complete 
| 234|0x0000000710e00000, 0x0000000710f00000, 0x0000000710f00000|100%| E|CS|TAMS 0x0000000710e00000, 0x0000000710e00000| Complete 
| 235|0x0000000710f00000, 0x0000000711000000, 0x0000000711000000|100%| E|CS|TAMS 0x0000000710f00000, 0x0000000710f00000| Complete 
| 236|0x0000000711000000, 0x0000000711100000, 0x0000000711100000|100%| E|CS|TAMS 0x0000000711000000, 0x0000000711000000| Complete 
| 237|0x0000000711100000, 0x0000000711200000, 0x0000000711200000|100%| E|CS|TAMS 0x0000000711100000, 0x0000000711100000| Complete 
| 238|0x0000000711200000, 0x0000000711300000, 0x0000000711300000|100%| E|CS|TAMS 0x0000000711200000, 0x0000000711200000| Complete 
| 239|0x0000000711300000, 0x0000000711400000, 0x0000000711400000|100%| E|CS|TAMS 0x0000000711300000, 0x0000000711300000| Complete 
| 240|0x0000000711400000, 0x0000000711400000, 0x0000000711500000|  0%| F|  |TAMS 0x0000000711400000, 0x0000000711400000| Untracked 
| 241|0x0000000711500000, 0x0000000711500000, 0x0000000711600000|  0%| F|  |TAMS 0x0000000711500000, 0x0000000711500000| Untracked 
| 242|0x0000000711600000, 0x0000000711600000, 0x0000000711700000|  0%| F|  |TAMS 0x0000000711600000, 0x0000000711600000| Untracked 
| 243|0x0000000711700000, 0x0000000711700000, 0x0000000711800000|  0%| F|  |TAMS 0x0000000711700000, 0x0000000711700000| Untracked 
| 244|0x0000000711800000, 0x0000000711800000, 0x0000000711900000|  0%| F|  |TAMS 0x0000000711800000, 0x0000000711800000| Untracked 
| 245|0x0000000711900000, 0x0000000711900000, 0x0000000711a00000|  0%| F|  |TAMS 0x0000000711900000, 0x0000000711900000| Untracked 
| 246|0x0000000711a00000, 0x0000000711a00000, 0x0000000711b00000|  0%| F|  |TAMS 0x0000000711a00000, 0x0000000711a00000| Untracked 
| 247|0x0000000711b00000, 0x0000000711b00000, 0x0000000711c00000|  0%| F|  |TAMS 0x0000000711b00000, 0x0000000711b00000| Untracked 
| 248|0x0000000711c00000, 0x0000000711c00000, 0x0000000711d00000|  0%| F|  |TAMS 0x0000000711c00000, 0x0000000711c00000| Untracked 
| 249|0x0000000711d00000, 0x0000000711d00000, 0x0000000711e00000|  0%| F|  |TAMS 0x0000000711d00000, 0x0000000711d00000| Untracked 
| 250|0x0000000711e00000, 0x0000000711e00000, 0x0000000711f00000|  0%| F|  |TAMS 0x0000000711e00000, 0x0000000711e00000| Untracked 
| 251|0x0000000711f00000, 0x0000000712000000, 0x0000000712000000|100%| E|  |TAMS 0x0000000711f00000, 0x0000000711f00000| Complete 
| 252|0x0000000712000000, 0x0000000712100000, 0x0000000712100000|100%| E|CS|TAMS 0x0000000712000000, 0x0000000712000000| Complete 
| 253|0x0000000712100000, 0x0000000712200000, 0x0000000712200000|100%| E|CS|TAMS 0x0000000712100000, 0x0000000712100000| Complete 

Card table byte_map: [0x0000025b7d1e0000,0x0000025b7d9d0000] _byte_map_base: 0x0000025b799ce000

Marking Bits (Prev, Next): (CMBitMap*) 0x0000025b73a93830, (CMBitMap*) 0x0000025b73a937f8
 Prev Bits: [0x0000025b12f70000, 0x0000025b16ee0000)
 Next Bits: [0x0000025b0f000000, 0x0000025b12f70000)

Polling page: 0x0000025b71a50000

Metaspace:

Usage:
  Non-class:     22.43 MB capacity,    22.15 MB ( 99%) used,   251.99 KB (  1%) free+waste,    43.63 KB ( <1%) overhead. 
      Class:      2.61 MB capacity,     2.47 MB ( 95%) used,   123.81 KB (  5%) free+waste,    18.44 KB ( <1%) overhead. 
       Both:     25.05 MB capacity,    24.62 MB ( 98%) used,   375.80 KB (  1%) free+waste,    62.06 KB ( <1%) overhead. 

Virtual space:
  Non-class space:       24.00 MB reserved,      22.67 MB ( 94%) committed 
      Class space:        1.00 GB reserved,       2.63 MB ( <1%) committed 
             Both:        1.02 GB reserved,      25.30 MB (  2%) committed 

Chunk freelists:
   Non-Class:  3.00 KB
       Class:  14.00 KB
        Both:  17.00 KB

MaxMetaspaceSize: 17179869184.00 GB
CompressedClassSpaceSize: 1.00 GB
Initial GC threshold: 20.80 MB
Current GC threshold: 35.08 MB
CDS: off

CodeHeap 'non-profiled nmethods': size=119168Kb used=1069Kb max_used=1069Kb free=118099Kb
 bounds [0x0000025b07ba0000, 0x0000025b07e10000, 0x0000025b0f000000]
CodeHeap 'profiled nmethods': size=119168Kb used=7424Kb max_used=7424Kb free=111743Kb
 bounds [0x0000025b00740000, 0x0000025b00e90000, 0x0000025b07ba0000]
CodeHeap 'non-nmethods': size=7424Kb used=2901Kb max_used=2944Kb free=4522Kb
 bounds [0x0000025b00000000, 0x0000025b002f0000, 0x0000025b00740000]
 total_blobs=3739 nmethods=3259 adapters=389
 compilation: enabled
              stopped_count=0, restarted_count=0
 full_count=0

Compilation events (20 events):
Event: 3.645 Thread 0x0000025b7fdaa000 nmethod 3150 0x0000025b00e02990 code [0x0000025b00e02c80, 0x0000025b00e039b8]
Event: 3.645 Thread 0x0000025b7fdaa000 3137       3       java.security.MessageDigest::getInstance (84 bytes)
Event: 3.645 Thread 0x0000025b190fa800 nmethod 3158 0x0000025b00e03e10 code [0x0000025b00e03fc0, 0x0000025b00e04188]
Event: 3.646 Thread 0x0000025b190fa800 3138       3       sun.security.jca.GetInstance::getInstance (11 bytes)
Event: 3.646 Thread 0x0000025b190fa800 nmethod 3138 0x0000025b00e04290 code [0x0000025b00e044a0, 0x0000025b00e04968]
Event: 3.646 Thread 0x0000025b190fa800 3152   !   3       jdk.internal.reflect.GeneratedConstructorAccessor24::newInstance (49 bytes)
Event: 3.646 Thread 0x0000025b7fc3b000 nmethod 3136 0x0000025b00e04b90 code [0x0000025b00e04f20, 0x0000025b00e064b8]
Event: 3.646 Thread 0x0000025b7fc3b000 3160       3       sun.security.ssl.HKDF::<init> (64 bytes)
Event: 3.646 Thread 0x0000025b7fdaa000 nmethod 3137 0x0000025b00e06c90 code [0x0000025b00e06f40, 0x0000025b00e08188]
Event: 3.646 Thread 0x0000025b190fa800 nmethod 3152 0x0000025b00e0a490 code [0x0000025b00e0a6a0, 0x0000025b00e0ac28]
Event: 3.646 Thread 0x0000025b7fdaa000 3165   !   3       java.util.regex.Pattern$Neg::match (124 bytes)
Event: 3.646 Thread 0x0000025b190fa800 3126       3       java.util.AbstractMap::isEmpty (13 bytes)
Event: 3.647 Thread 0x0000025b190f9800 nmethod 3131 0x0000025b00e08610 code [0x0000025b00e08920, 0x0000025b00e09d48]
Event: 3.647 Thread 0x0000025b190f9800 3166       3       java.util.regex.Pattern$Node::match (27 bytes)
Event: 3.647 Thread 0x0000025b190fa800 nmethod 3126 0x0000025b00e0af10 code [0x0000025b00e0b0c0, 0x0000025b00e0b2e8]
Event: 3.647 Thread 0x0000025b190fa800 3164       3       java.util.regex.Matcher::matches (10 bytes)
Event: 3.647 Thread 0x0000025b190f9800 nmethod 3166 0x0000025b00e0b390 code [0x0000025b00e0b540, 0x0000025b00e0b698]
Event: 3.647 Thread 0x0000025b190fa800 nmethod 3164 0x0000025b00e0b790 code [0x0000025b00e0b940, 0x0000025b00e0ba88]
Event: 3.647 Thread 0x0000025b7fdaa000 nmethod 3165 0x0000025b00e0bb10 code [0x0000025b00e0bd20, 0x0000025b00e0c478]
Event: 3.647 Thread 0x0000025b7fc3b000 nmethod 3160 0x0000025b00e0c710 code [0x0000025b00e0ca00, 0x0000025b00e0d708]

GC Heap History (4 events):
Event: 2.173 GC heap before
{Heap before GC invocations=0 (full 0):
 garbage-first heap   total 260096K, used 24576K [0x0000000702400000, 0x0000000800000000)
  region size 1024K, 24 young (24576K), 0 survivors (0K)
 Metaspace       used 13362K, capacity 13502K, committed 13696K, reserved 1060864K
  class space    used 1305K, capacity 1361K, committed 1408K, reserved 1048576K
}
Event: 2.176 GC heap after
{Heap after GC invocations=1 (full 0):
 garbage-first heap   total 260096K, used 3403K [0x0000000702400000, 0x0000000800000000)
  region size 1024K, 3 young (3072K), 3 survivors (3072K)
 Metaspace       used 13362K, capacity 13502K, committed 13696K, reserved 1060864K
  class space    used 1305K, capacity 1361K, committed 1408K, reserved 1048576K
}
Event: 2.987 GC heap before
{Heap before GC invocations=1 (full 0):
 garbage-first heap   total 260096K, used 25931K [0x0000000702400000, 0x0000000800000000)
  region size 1024K, 26 young (26624K), 3 survivors (3072K)
 Metaspace       used 20857K, capacity 21205K, committed 21296K, reserved 1069056K
  class space    used 2043K, capacity 2172K, committed 2176K, reserved 1048576K
}
Event: 2.993 GC heap after
{Heap after GC invocations=2 (full 0):
 garbage-first heap   total 260096K, used 6579K [0x0000000702400000, 0x0000000800000000)
  region size 1024K, 7 young (7168K), 7 survivors (7168K)
 Metaspace       used 20857K, capacity 21205K, committed 21296K, reserved 1069056K
  class space    used 2043K, capacity 2172K, committed 2176K, reserved 1048576K
}

Deoptimization events (20 events):
Event: 3.637 Thread 0x0000025b73a2e800 DEOPT PACKING pc=0x0000025b07c38c0c sp=0x000000ee30bfdab0
Event: 3.637 Thread 0x0000025b73a2e800 DEOPT UNPACKING pc=0x0000025b0004a1af sp=0x000000ee30bfd8b0 mode 2
Event: 3.638 Thread 0x0000025b73a2e800 Uncommon trap: trap_request=0xffffff4d fr.pc=0x0000025b07c3463c relative=0x00000000000004dc
Event: 3.638 Thread 0x0000025b73a2e800 Uncommon trap: reason=unstable_if action=reinterpret pc=0x0000025b07c3463c method=java.lang.AbstractStringBuilder.append(Ljava/lang/AbstractStringBuilder;)Ljava/lang/AbstractStringBuilder; @ 32 c2
Event: 3.638 Thread 0x0000025b73a2e800 DEOPT PACKING pc=0x0000025b07c3463c sp=0x000000ee30bfda10
Event: 3.638 Thread 0x0000025b73a2e800 DEOPT UNPACKING pc=0x0000025b0004a1af sp=0x000000ee30bfd968 mode 2
Event: 3.638 Thread 0x0000025b73a2e800 Uncommon trap: trap_request=0xffffff4d fr.pc=0x0000025b07c35a00 relative=0x00000000000000e0
Event: 3.638 Thread 0x0000025b73a2e800 Uncommon trap: reason=unstable_if action=reinterpret pc=0x0000025b07c35a00 method=java.lang.AbstractStringBuilder.getBytes([BIB)V @ 5 c2
Event: 3.638 Thread 0x0000025b73a2e800 DEOPT PACKING pc=0x0000025b07c35a00 sp=0x000000ee30bfd920
Event: 3.638 Thread 0x0000025b73a2e800 DEOPT UNPACKING pc=0x0000025b0004a1af sp=0x000000ee30bfd8e8 mode 2
Event: 3.638 Thread 0x0000025b73a2e800 Uncommon trap: trap_request=0xffffff4d fr.pc=0x0000025b07c36864 relative=0x00000000000004a4
Event: 3.638 Thread 0x0000025b73a2e800 Uncommon trap: reason=unstable_if action=reinterpret pc=0x0000025b07c36864 method=java.lang.AbstractStringBuilder.append(Ljava/lang/AbstractStringBuilder;)Ljava/lang/AbstractStringBuilder; @ 32 c2
Event: 3.639 Thread 0x0000025b73a2e800 DEOPT PACKING pc=0x0000025b07c36864 sp=0x000000ee30bfd980
Event: 3.639 Thread 0x0000025b73a2e800 DEOPT UNPACKING pc=0x0000025b0004a1af sp=0x000000ee30bfd950 mode 2
Event: 3.643 Thread 0x0000025b1a311800 DEOPT PACKING pc=0x0000025b00ca0e8e sp=0x000000ee33cfdaa0
Event: 3.643 Thread 0x0000025b1a311800 DEOPT UNPACKING pc=0x0000025b0004a95e sp=0x000000ee33cfced0 mode 0
Event: 3.644 Thread 0x0000025b1a311800 DEOPT PACKING pc=0x0000025b00dab6e0 sp=0x000000ee33cfe0d0
Event: 3.644 Thread 0x0000025b1a311800 DEOPT UNPACKING pc=0x0000025b0004a95e sp=0x000000ee33cfd568 mode 0
Event: 3.644 Thread 0x0000025b1a125000 DEOPT PACKING pc=0x0000025b00ca0e5b sp=0x000000ee331fda20
Event: 3.644 Thread 0x0000025b1a125000 DEOPT UNPACKING pc=0x0000025b0004a95e sp=0x000000ee331fce50 mode 0

Classes redefined (0 events):
No events

Internal exceptions (20 events):
Event: 2.462 Thread 0x0000025b73a2e800 Exception <a 'sun/nio/fs/WindowsException'{0x00000007115f2758}> (0x00000007115f2758) thrown at [./src/hotspot/share/prims/jni.cpp, line 616]
Event: 2.462 Thread 0x0000025b73a2e800 Exception <a 'sun/nio/fs/WindowsException'{0x00000007115f3188}> (0x00000007115f3188) thrown at [./src/hotspot/share/prims/jni.cpp, line 616]
Event: 2.462 Thread 0x0000025b73a2e800 Exception <a 'sun/nio/fs/WindowsException'{0x00000007115f3508}> (0x00000007115f3508) thrown at [./src/hotspot/share/prims/jni.cpp, line 616]
Event: 2.481 Thread 0x0000025b73a2e800 Exception <a 'java/lang/NoSuchMethodError'{0x000000071130ca88}: 'int java.lang.invoke.DirectMethodHandle$Holder.invokeSpecialIFC(java.lang.Object, java.lang.Object, int)'> (0x000000071130ca88) thrown at [./src/hotspot/share/interpreter/linkResolver.cpp, line 773]
Event: 2.551 Thread 0x0000025b73a2e800 Exception <a 'java/lang/NoSuchMethodError'{0x0000000711229c70}: 'java.lang.Object java.lang.invoke.DirectMethodHandle$Holder.invokeStaticInit(java.lang.Object, int, int, int, int)'> (0x0000000711229c70) thrown at [./src/hotspot/share/interpreter/linkResolver.cpp, line 773]
Event: 2.552 Thread 0x0000025b73a2e800 Exception <a 'sun/nio/fs/WindowsException'{0x000000071122ff78}> (0x000000071122ff78) thrown at [./src/hotspot/share/prims/jni.cpp, line 616]
Event: 2.573 Thread 0x0000025b73a2e800 Exception <a 'java/lang/NoSuchMethodError'{0x000000071124e7f0}: 'int java.lang.invoke.DirectMethodHandle$Holder.invokeStaticInit(java.lang.Object, java.lang.Object, java.lang.Object, java.lang.Object)'> (0x000000071124e7f0) thrown at [./src/hotspot/share/interpreter/linkResolver.cpp, line 773]
Event: 2.573 Thread 0x0000025b73a2e800 Exception <a 'java/lang/IncompatibleClassChangeError'{0x0000000711257a60}: Found class java.lang.Object, but interface was expected> (0x0000000711257a60) thrown at [./src/hotspot/share/interpreter/linkResolver.cpp, line 839]
Event: 2.573 Thread 0x0000025b73a2e800 Exception <a 'java/lang/NoSuchMethodError'{0x000000071125a8b0}: 'void java.lang.invoke.DirectMethodHandle$Holder.invokeStaticInit(java.lang.Object, java.lang.Object)'> (0x000000071125a8b0) thrown at [./src/hotspot/share/interpreter/linkResolver.cpp, line 773]
Event: 2.574 Thread 0x0000025b73a2e800 Exception <a 'java/lang/NoSuchMethodError'{0x0000000711260240}: 'int java.lang.invoke.DirectMethodHandle$Holder.invokeStaticInit(java.lang.Object, java.lang.Object)'> (0x0000000711260240) thrown at [./src/hotspot/share/interpreter/linkResolver.cpp, line 773]
Event: 2.975 Thread 0x0000025b73a2e800 Exception <a 'java/lang/NoSuchMethodError'{0x0000000710bb92f0}: 'java.lang.Object java.lang.invoke.DirectMethodHandle$Holder.invokeStaticInit(java.lang.Object, java.lang.Object, int, int, int, int)'> (0x0000000710bb92f0) thrown at [./src/hotspot/share/interpreter/linkResolver.cpp, line 773]
Event: 3.405 Thread 0x0000025b73a2e800 Exception <a 'sun/nio/fs/WindowsException'{0x0000000711a2d340}> (0x0000000711a2d340) thrown at [./src/hotspot/share/prims/jni.cpp, line 616]
Event: 3.406 Thread 0x0000025b73a2e800 Exception <a 'java/lang/NoSuchMethodError'{0x0000000711a2e078}: 'int java.lang.invoke.DirectMethodHandle$Holder.invokeInterface(java.lang.Object, java.lang.Object)'> (0x0000000711a2e078) thrown at [./src/hotspot/share/interpreter/linkResolver.cpp, line 773]
Event: 3.408 Thread 0x0000025b73a2e800 Exception <a 'java/lang/NoSuchMethodError'{0x0000000711a37678}: 'void java.lang.invoke.DirectMethodHandle$Holder.invokeStatic(java.lang.Object, int, java.lang.Object)'> (0x0000000711a37678) thrown at [./src/hotspot/share/interpreter/linkResolver.cpp, line 773]
Event: 3.412 Thread 0x0000025b73a2e800 Exception <a 'java/lang/NoSuchMethodError'{0x0000000711a49150}: 'java.lang.Object java.lang.invoke.Invokers$Holder.linkToTargetMethod(java.lang.Object, java.lang.Object, java.lang.Object, java.lang.Object, java.lang.Object, java.lang.Object)'> (0x0000000711a49150) thrown at [./src/hotspot/share/interpreter/linkResolver.cpp, line 773]
Event: 3.414 Thread 0x0000025b1a0ca800 Implicit null exception at 0x0000025b07c659a8 to 0x0000025b07c65b78
Event: 3.414 Thread 0x0000025b1a0cb800 Implicit null exception at 0x0000025b07c659a8 to 0x0000025b07c65b78
Event: 3.414 Thread 0x0000025b1a09e000 Implicit null exception at 0x0000025b07c659a8 to 0x0000025b07c65b78
Event: 3.414 Thread 0x0000025b1a0ca000 Implicit null exception at 0x0000025b07c659a8 to 0x0000025b07c65b78
Event: 3.414 Thread 0x0000025b1a0c9000 Implicit null exception at 0x0000025b07c659a8 to 0x0000025b07c65b78

Events (20 events):
Event: 3.638 Executing coalesced safepoint VM operation: RevokeBias done
Event: 3.638 Executing VM operation: RevokeBias done
Event: 3.638 Thread 0x0000025b1a312000 Thread exited: 0x0000025b1a312000
Event: 3.638 Thread 0x0000025b1a313000 Thread exited: 0x0000025b1a313000
Event: 3.638 Thread 0x0000025b1a310800 Thread exited: 0x0000025b1a310800
Event: 3.638 Thread 0x0000025b1a314000 Thread exited: 0x0000025b1a314000
Event: 3.638 Thread 0x0000025b1a30e000 Thread exited: 0x0000025b1a30e000
Event: 3.639 Thread 0x0000025b1a313000 Thread added: 0x0000025b1a313000
Event: 3.641 Executing VM operation: RevokeBias
Event: 3.641 Executing VM operation: RevokeBias done
Event: 3.642 Thread 0x0000025b1a313000 Thread exited: 0x0000025b1a313000
Event: 3.643 Thread 0x0000025b1a30f800 Thread added: 0x0000025b1a30f800
Event: 3.643 Thread 0x0000025b1a312000 Thread added: 0x0000025b1a312000
Event: 3.644 Thread 0x0000025b1a313000 Thread added: 0x0000025b1a313000
Event: 3.644 Executing VM operation: BulkRevokeBias
Event: 3.645 Executing VM operation: BulkRevokeBias done
Event: 3.645 Thread 0x0000025b1a30f800 Thread exited: 0x0000025b1a30f800
Event: 3.645 Thread 0x0000025b1a312000 Thread exited: 0x0000025b1a312000
Event: 3.645 Thread 0x0000025b1a313000 Thread exited: 0x0000025b1a313000
Event: 3.647 Thread 0x0000025b1a125000 Thread exited: 0x0000025b1a125000


Dynamic libraries:
0x00007ff719b80000 - 0x00007ff719b8d000 	D:\Unity\2022.3.20f1c1\Editor\Data\PlaybackEngines\AndroidPlayer\OpenJDK\bin\java.exe
0x00007ffaa1120000 - 0x00007ffaa1329000 	C:\Windows\SYSTEM32\ntdll.dll
0x00007ffaa0330000 - 0x00007ffaa03ed000 	C:\Windows\System32\KERNEL32.DLL
0x00007ffa9eb70000 - 0x00007ffa9eef4000 	C:\Windows\System32\KERNELBASE.dll
0x00007ffa9e860000 - 0x00007ffa9e971000 	C:\Windows\System32\ucrtbase.dll
0x00007ffa501d0000 - 0x00007ffa501e7000 	D:\Unity\2022.3.20f1c1\Editor\Data\PlaybackEngines\AndroidPlayer\OpenJDK\bin\jli.dll
0x00007ffa501b0000 - 0x00007ffa501c5000 	D:\Unity\2022.3.20f1c1\Editor\Data\PlaybackEngines\AndroidPlayer\OpenJDK\bin\VCRUNTIME140.dll
0x00007ffaa0090000 - 0x00007ffaa023d000 	C:\Windows\System32\USER32.dll
0x00007ffa9e830000 - 0x00007ffa9e856000 	C:\Windows\System32\win32u.dll
0x00007ffa9fa50000 - 0x00007ffa9fa7a000 	C:\Windows\System32\GDI32.dll
0x00007ffa9e5b0000 - 0x00007ffa9e6ce000 	C:\Windows\System32\gdi32full.dll
0x00007ffa833b0000 - 0x00007ffa83655000 	C:\Windows\WinSxS\amd64_microsoft.windows.common-controls_6595b64144ccf1df_6.0.22000.120_none_9d947278b86cc467\COMCTL32.dll
0x00007ffa9e6d0000 - 0x00007ffa9e76d000 	C:\Windows\System32\msvcp_win.dll
0x00007ffaa05c0000 - 0x00007ffaa0663000 	C:\Windows\System32\msvcrt.dll
0x00007ffa9f9a0000 - 0x00007ffa9f9d1000 	C:\Windows\System32\IMM32.DLL
0x00007ff9e9a90000 - 0x00007ff9e9b2b000 	D:\Unity\2022.3.20f1c1\Editor\Data\PlaybackEngines\AndroidPlayer\OpenJDK\bin\msvcp140.dll
0x00007ff9d0310000 - 0x00007ff9d0e91000 	D:\Unity\2022.3.20f1c1\Editor\Data\PlaybackEngines\AndroidPlayer\OpenJDK\bin\server\jvm.dll
0x00007ffa9fe00000 - 0x00007ffa9feae000 	C:\Windows\System32\ADVAPI32.dll
0x00007ffaa03f0000 - 0x00007ffaa048e000 	C:\Windows\System32\sechost.dll
0x00007ffaa0490000 - 0x00007ffaa05b1000 	C:\Windows\System32\RPCRT4.dll
0x00007ffa9f870000 - 0x00007ffa9f878000 	C:\Windows\System32\PSAPI.DLL
0x00007ffa918b0000 - 0x00007ffa918b9000 	C:\Windows\SYSTEM32\WSOCK32.dll
0x00007ffa97d90000 - 0x00007ffa97d9a000 	C:\Windows\SYSTEM32\VERSION.dll
0x00007ffa988e0000 - 0x00007ffa98913000 	C:\Windows\SYSTEM32\WINMM.dll
0x00007ffaa0e50000 - 0x00007ffaa0ebf000 	C:\Windows\System32\WS2_32.dll
0x00007ffa9d710000 - 0x00007ffa9d728000 	C:\Windows\SYSTEM32\kernel.appcore.dll
0x00007ffa56d10000 - 0x00007ffa56d20000 	D:\Unity\2022.3.20f1c1\Editor\Data\PlaybackEngines\AndroidPlayer\OpenJDK\bin\verify.dll
0x00007ffa9c120000 - 0x00007ffa9c341000 	C:\Windows\SYSTEM32\DBGHELP.DLL
0x00007ffa969e0000 - 0x00007ffa96a11000 	C:\Windows\SYSTEM32\dbgcore.DLL
0x00007ffa9eaf0000 - 0x00007ffa9eb6f000 	C:\Windows\System32\bcryptPrimitives.dll
0x00007ff9fe580000 - 0x00007ff9fe5a8000 	D:\Unity\2022.3.20f1c1\Editor\Data\PlaybackEngines\AndroidPlayer\OpenJDK\bin\java.dll
0x00007ffa56100000 - 0x00007ffa5610a000 	D:\Unity\2022.3.20f1c1\Editor\Data\PlaybackEngines\AndroidPlayer\OpenJDK\bin\jimage.dll
0x00007ffa50190000 - 0x00007ffa501a8000 	D:\Unity\2022.3.20f1c1\Editor\Data\PlaybackEngines\AndroidPlayer\OpenJDK\bin\zip.dll
0x00007ffaa0680000 - 0x00007ffaa0e45000 	C:\Windows\System32\SHELL32.dll
0x00007ffa9c680000 - 0x00007ffa9cee2000 	C:\Windows\SYSTEM32\windows.storage.dll
0x00007ffa9f4f0000 - 0x00007ffa9f866000 	C:\Windows\System32\combase.dll
0x00007ffa9c510000 - 0x00007ffa9c677000 	C:\Windows\SYSTEM32\wintypes.dll
0x00007ffaa0240000 - 0x00007ffaa032a000 	C:\Windows\System32\SHCORE.dll
0x00007ffaa1080000 - 0x00007ffaa10dd000 	C:\Windows\System32\shlwapi.dll
0x00007ffa9e4e0000 - 0x00007ffa9e505000 	C:\Windows\SYSTEM32\profapi.dll
0x00007ff9fdd50000 - 0x00007ff9fdd69000 	D:\Unity\2022.3.20f1c1\Editor\Data\PlaybackEngines\AndroidPlayer\OpenJDK\bin\net.dll
0x00007ffa99640000 - 0x00007ffa99754000 	C:\Windows\SYSTEM32\WINHTTP.dll
0x00007ffa9dbc0000 - 0x00007ffa9dc27000 	C:\Windows\system32\mswsock.dll
0x00007ff9fd610000 - 0x00007ff9fd623000 	D:\Unity\2022.3.20f1c1\Editor\Data\PlaybackEngines\AndroidPlayer\OpenJDK\bin\nio.dll
0x00007ff9fbe20000 - 0x00007ff9fbe45000 	D:\Unity\2022.3.20f1c1\Editor\Data\PlaybackEngines\AndroidPlayer\OpenJDK\bin\sunec.dll
0x00007ffa9de00000 - 0x00007ffa9de18000 	C:\Windows\SYSTEM32\CRYPTSP.dll
0x00007ffa9d670000 - 0x00007ffa9d6a5000 	C:\Windows\system32\rsaenh.dll
0x00007ffa9dcb0000 - 0x00007ffa9dcdc000 	C:\Windows\SYSTEM32\USERENV.dll
0x00007ffa9df80000 - 0x00007ffa9dfa7000 	C:\Windows\SYSTEM32\bcrypt.dll
0x00007ffa9de20000 - 0x00007ffa9de2c000 	C:\Windows\SYSTEM32\CRYPTBASE.dll
0x00007ffa9d230000 - 0x00007ffa9d25d000 	C:\Windows\SYSTEM32\IPHLPAPI.DLL
0x00007ffa9fb30000 - 0x00007ffa9fb39000 	C:\Windows\System32\NSI.dll
0x00007ffa995a0000 - 0x00007ffa995b9000 	C:\Windows\SYSTEM32\dhcpcsvc6.DLL
0x00007ffa99ca0000 - 0x00007ffa99cbe000 	C:\Windows\SYSTEM32\dhcpcsvc.DLL
0x00007ffa9d260000 - 0x00007ffa9d347000 	C:\Windows\SYSTEM32\DNSAPI.dll
0x00007ffa7d810000 - 0x00007ffa7d85b000 	C:\Program Files (x86)\Sangfor\SSL\ClientComponent\SangforNspX64.dll
0x00007ffaa0ee0000 - 0x00007ffaa107a000 	C:\Windows\System32\ole32.dll
0x00007ffa9ffa0000 - 0x00007ffaa0076000 	C:\Windows\System32\OLEAUT32.dll
0x000000005f160000 - 0x000000005f186000 	C:\Program Files\Bonjour\mdnsNSP.dll
0x00007ffa962b0000 - 0x00007ffa962ba000 	C:\Windows\System32\rasadhlp.dll
0x00007ffa982e0000 - 0x00007ffa98361000 	C:\Windows\System32\fwpuclnt.dll
0x00007ffa50120000 - 0x00007ffa5012e000 	D:\Unity\2022.3.20f1c1\Editor\Data\PlaybackEngines\AndroidPlayer\OpenJDK\bin\sunmscapi.dll
0x00007ffa9e980000 - 0x00007ffa9eae2000 	C:\Windows\System32\CRYPT32.dll
0x00007ffa9df50000 - 0x00007ffa9df78000 	C:\Windows\SYSTEM32\ncrypt.dll
0x00007ffa9df10000 - 0x00007ffa9df47000 	C:\Windows\SYSTEM32\NTASN1.dll

dbghelp: loaded successfully - version: 4.0.5 - missing functions: none
symbol engine: initialized successfully - sym options: 0x614 - pdb path: .;D:\Unity\2022.3.20f1c1\Editor\Data\PlaybackEngines\AndroidPlayer\OpenJDK\bin;C:\Windows\SYSTEM32;C:\Windows\WinSxS\amd64_microsoft.windows.common-controls_6595b64144ccf1df_6.0.22000.120_none_9d947278b86cc467;D:\Unity\2022.3.20f1c1\Editor\Data\PlaybackEngines\AndroidPlayer\OpenJDK\bin\server;C:\Program Files (x86)\Sangfor\SSL\ClientComponent;C:\Program Files\Bonjour

VM Arguments:
jvm_args: -Dfile.encoding=UTF-8 -Dcom.android.sdklib.toolsdir=D:\Unity\2022.3.20f1c1\Editor\Data\PlaybackEngines\AndroidPlayer\SDK\cmdline-tools\6.0\bin\\.. 
java_command: com.android.sdklib.tool.sdkmanager.SdkManagerCli --list
java_class_path (initial): D:\Unity\2022.3.20f1c1\Editor\Data\PlaybackEngines\AndroidPlayer\SDK\cmdline-tools\6.0\bin\..\lib\sdkmanager-classpath.jar
Launcher Type: SUN_STANDARD

[Global flags]
     intx CICompilerCount                          = 12                                        {product} {ergonomic}
     uint ConcGCThreads                            = 3                                         {product} {ergonomic}
     uint G1ConcRefinementThreads                  = 13                                        {product} {ergonomic}
   size_t G1HeapRegionSize                         = 1048576                                   {product} {ergonomic}
    uintx GCDrainStackTargetSize                   = 64                                        {product} {ergonomic}
   size_t InitialHeapSize                          = 266338304                                 {product} {ergonomic}
   size_t MarkStackSize                            = 4194304                                   {product} {ergonomic}
   size_t MaxHeapSize                              = 4257218560                                {product} {ergonomic}
   size_t MaxNewSize                               = 2554331136                                {product} {ergonomic}
   size_t MinHeapDeltaBytes                        = 1048576                                   {product} {ergonomic}
    uintx NonNMethodCodeHeapSize                   = 7594288                                {pd product} {ergonomic}
    uintx NonProfiledCodeHeapSize                  = 122031976                              {pd product} {ergonomic}
    uintx ProfiledCodeHeapSize                     = 122031976                              {pd product} {ergonomic}
    uintx ReservedCodeCacheSize                    = 251658240                              {pd product} {ergonomic}
     bool SegmentedCodeCache                       = true                                      {product} {ergonomic}
     bool UseCompressedClassPointers               = true                                 {lp64_product} {ergonomic}
     bool UseCompressedOops                        = true                                 {lp64_product} {ergonomic}
     bool UseG1GC                                  = true                                      {product} {ergonomic}
     bool UseLargePagesIndividualAllocation        = false                                  {pd product} {ergonomic}

Logging:
Log output configuration:
 #0: stdout all=warning uptime,level,tags
 #1: stderr all=off uptime,level,tags

Environment Variables:
JAVA_HOME=D:\Unity\2022.3.20f1c1\Editor\Data\PlaybackEngines\AndroidPlayer\OpenJDK
JAVA_TOOL_OPTIONS=-Dfile.encoding=UTF-8
CLASSPATH=D:\Unity\2022.3.20f1c1\Editor\Data\PlaybackEngines\AndroidPlayer\SDK\cmdline-tools\6.0\bin\..\lib\sdkmanager-classpath.jar
PATH=C:\Program Files (x86)\Common Files\Intel\Shared Libraries\redist\intel64\compiler;C:\Program Files (x86)\Common Files\Oracle\Java\javapath;C:\Program Files\PlasticSCM5\server;C:\Program Files\PlasticSCM5\client;C:\Windows\system32;C:\Windows;C:\Windows\System32\Wbem;C:\Windows\System32\WindowsPowerShell\v1.0\;C:\Windows\System32\OpenSSH\;C:\Program Files (x86)\NVIDIA Corporation\PhysX\Common;C:\Program Files\NVIDIA Corporation\NVIDIA NvDLISR;C:\Program Files\dotnet\;D:\ffmpeg-master-latest-win64-gpl\bin;D:\Python\Lib\site-packages\cmake\data\bin;D:\微信小程序\微信web开发者工具\dll;D:\opencv\build\x64\vc15\bin;D:\opencv\build\x64\vc15\bin;D:\opencv\build\x64\vc15\lib;D:\MatLab\bin;C:\Program Files\Google\Chrome\Application;D:\Python\Scripts\;D:\Python\;D:\anaconda\anaconda;D:\anaconda\anaconda\Library\mingw-w64\bin;D:\anaconda\anaconda\Library\usr\bin;D:\anaconda\anaconda\Library\bin;D:\anaconda\anaconda\Scripts;C:\Users\xxuu\AppData\Local\Microsoft\WindowsApps;D:\Bandizip\;D:\VScode\Microsoft VS Code\bin;C:\Users\xxuu\.dotnet\tools;D:\cmake\bin;C:\Users\xxuu\AppData\Local\GitHubDesktop\bin;C:\Program Files\Google\Chrome\Application;
USERNAME=xxuu
OS=Windows_NT
PROCESSOR_IDENTIFIER=AMD64 Family 25 Model 80 Stepping 0, AuthenticAMD



---------------  S Y S T E M  ---------------

OS: Windows 11 , 64 bit Build 22000 (10.0.22000.2538)
OS uptime: 12 days 10:02 hours

CPU:total 16 (initial active 16) (16 cores per cpu, 2 threads per core) family 25 model 80 stepping 0 microcode 0x0, cmov, cx8, fxsr, mmx, sse, sse2, sse3, ssse3, sse4.1, sse4.2, popcnt, avx, avx2, aes, clmul, erms, mmxext, 3dnowpref, lzcnt, sse4a, ht, tsc, tscinvbit, tscinv, bmi1, bmi2, adx, sha, fma

Memory: 4k page, system-wide physical 16236M (1257M free)
TotalPageFile size 41836M (AvailPageFile size 4M)
current process WorkingSet (physical memory assigned to process): 201M, peak: 201M
current process commit charge ("private bytes"): 442M, peak: 444M

vm_info: OpenJDK 64-Bit Server VM (11.0.14.1+1) for windows-amd64 JRE (11.0.14.1+1), built on Feb  9 2022 01:48:27 by "" with unknown MS VC++:1916

END.
